Analysis & Synthesis report for Flappy_Bird
Tue May 06 20:18:56 2025
Quartus Prime Version 18.1.0 Build 625 09/12/2018 SJ Lite Edition


---------------------
; Table of Contents ;
---------------------
  1. Legal Notice
  2. Analysis & Synthesis Summary
  3. Analysis & Synthesis Settings
  4. Parallel Compilation
  5. Analysis & Synthesis Source Files Read
  6. Analysis & Synthesis Resource Usage Summary
  7. Analysis & Synthesis Resource Utilization by Entity
  8. Registers Removed During Synthesis
  9. General Register Statistics
 10. Multiplexer Restructuring Statistics (Restructuring Performed)
 11. Port Connectivity Checks: "VGA_SYNC:VGASync"
 12. Post-Synthesis Netlist Statistics for Top Partition
 13. Elapsed Time Per Partition
 14. Analysis & Synthesis Messages



----------------
; Legal Notice ;
----------------
Copyright (C) 2018  Intel Corporation. All rights reserved.
Your use of Intel Corporation's design tools, logic functions 
and other software and tools, and its AMPP partner logic 
functions, and any output files from any of the foregoing 
(including device programming or simulation files), and any 
associated documentation or information are expressly subject 
to the terms and conditions of the Intel Program License 
Subscription Agreement, the Intel Quartus Prime License Agreement,
the Intel FPGA IP License Agreement, or other applicable license
agreement, including, without limitation, that your use is for
the sole purpose of programming logic devices manufactured by
Intel and sold by Intel or its authorized distributors.  Please
refer to the applicable agreement for further details.



+-------------------------------------------------------------------------------+
; Analysis & Synthesis Summary                                                  ;
+---------------------------------+---------------------------------------------+
; Analysis & Synthesis Status     ; Successful - Tue May 06 20:18:56 2025       ;
; Quartus Prime Version           ; 18.1.0 Build 625 09/12/2018 SJ Lite Edition ;
; Revision Name                   ; Flappy_Bird                                 ;
; Top-level Entity Name           ; Flappy_bird                                 ;
; Family                          ; Cyclone V                                   ;
; Logic utilization (in ALMs)     ; N/A                                         ;
; Total registers                 ; 29                                          ;
; Total pins                      ; 6                                           ;
; Total virtual pins              ; 0                                           ;
; Total block memory bits         ; 0                                           ;
; Total DSP Blocks                ; 0                                           ;
; Total HSSI RX PCSs              ; 0                                           ;
; Total HSSI PMA RX Deserializers ; 0                                           ;
; Total HSSI TX PCSs              ; 0                                           ;
; Total HSSI PMA TX Serializers   ; 0                                           ;
; Total PLLs                      ; 0                                           ;
; Total DLLs                      ; 0                                           ;
+---------------------------------+---------------------------------------------+


+---------------------------------------------------------------------------------------------------------------------------+
; Analysis & Synthesis Settings                                                                                             ;
+---------------------------------------------------------------------------------+--------------------+--------------------+
; Option                                                                          ; Setting            ; Default Value      ;
+---------------------------------------------------------------------------------+--------------------+--------------------+
; Device                                                                          ; 5CEBA4F23C7        ;                    ;
; Top-level entity name                                                           ; Flappy_Bird        ; Flappy_Bird        ;
; Family name                                                                     ; Cyclone V          ; Cyclone V          ;
; Use smart compilation                                                           ; Off                ; Off                ;
; Enable parallel Assembler and Timing Analyzer during compilation                ; On                 ; On                 ;
; Enable compact report table                                                     ; Off                ; Off                ;
; Restructure Multiplexers                                                        ; Auto               ; Auto               ;
; MLAB Add Timing Constraints For Mixed-Port Feed-Through Mode Setting Don't Care ; Off                ; Off                ;
; Create Debugging Nodes for IP Cores                                             ; Off                ; Off                ;
; Preserve fewer node names                                                       ; On                 ; On                 ;
; Intel FPGA IP Evaluation Mode                                                   ; Enable             ; Enable             ;
; Verilog Version                                                                 ; Verilog_2001       ; Verilog_2001       ;
; VHDL Version                                                                    ; VHDL_1993          ; VHDL_1993          ;
; State Machine Processing                                                        ; Auto               ; Auto               ;
; Safe State Machine                                                              ; Off                ; Off                ;
; Extract Verilog State Machines                                                  ; On                 ; On                 ;
; Extract VHDL State Machines                                                     ; On                 ; On                 ;
; Ignore Verilog initial constructs                                               ; Off                ; Off                ;
; Iteration limit for constant Verilog loops                                      ; 5000               ; 5000               ;
; Iteration limit for non-constant Verilog loops                                  ; 250                ; 250                ;
; Add Pass-Through Logic to Inferred RAMs                                         ; On                 ; On                 ;
; Infer RAMs from Raw Logic                                                       ; On                 ; On                 ;
; Parallel Synthesis                                                              ; On                 ; On                 ;
; DSP Block Balancing                                                             ; Auto               ; Auto               ;
; NOT Gate Push-Back                                                              ; On                 ; On                 ;
; Power-Up Don't Care                                                             ; On                 ; On                 ;
; Remove Redundant Logic Cells                                                    ; Off                ; Off                ;
; Remove Duplicate Registers                                                      ; On                 ; On                 ;
; Ignore CARRY Buffers                                                            ; Off                ; Off                ;
; Ignore CASCADE Buffers                                                          ; Off                ; Off                ;
; Ignore GLOBAL Buffers                                                           ; Off                ; Off                ;
; Ignore ROW GLOBAL Buffers                                                       ; Off                ; Off                ;
; Ignore LCELL Buffers                                                            ; Off                ; Off                ;
; Ignore SOFT Buffers                                                             ; On                 ; On                 ;
; Limit AHDL Integers to 32 Bits                                                  ; Off                ; Off                ;
; Optimization Technique                                                          ; Balanced           ; Balanced           ;
; Carry Chain Length                                                              ; 70                 ; 70                 ;
; Auto Carry Chains                                                               ; On                 ; On                 ;
; Auto Open-Drain Pins                                                            ; On                 ; On                 ;
; Perform WYSIWYG Primitive Resynthesis                                           ; Off                ; Off                ;
; Auto ROM Replacement                                                            ; On                 ; On                 ;
; Auto RAM Replacement                                                            ; On                 ; On                 ;
; Auto DSP Block Replacement                                                      ; On                 ; On                 ;
; Auto Shift Register Replacement                                                 ; Auto               ; Auto               ;
; Allow Shift Register Merging across Hierarchies                                 ; Auto               ; Auto               ;
; Auto Clock Enable Replacement                                                   ; On                 ; On                 ;
; Strict RAM Replacement                                                          ; Off                ; Off                ;
; Allow Synchronous Control Signals                                               ; On                 ; On                 ;
; Force Use of Synchronous Clear Signals                                          ; Off                ; Off                ;
; Auto Resource Sharing                                                           ; Off                ; Off                ;
; Allow Any RAM Size For Recognition                                              ; Off                ; Off                ;
; Allow Any ROM Size For Recognition                                              ; Off                ; Off                ;
; Allow Any Shift Register Size For Recognition                                   ; Off                ; Off                ;
; Use LogicLock Constraints during Resource Balancing                             ; On                 ; On                 ;
; Ignore translate_off and synthesis_off directives                               ; Off                ; Off                ;
; Timing-Driven Synthesis                                                         ; On                 ; On                 ;
; Report Parameter Settings                                                       ; On                 ; On                 ;
; Report Source Assignments                                                       ; On                 ; On                 ;
; Report Connectivity Checks                                                      ; On                 ; On                 ;
; Ignore Maximum Fan-Out Assignments                                              ; Off                ; Off                ;
; Synchronization Register Chain Length                                           ; 3                  ; 3                  ;
; Power Optimization During Synthesis                                             ; Normal compilation ; Normal compilation ;
; HDL message level                                                               ; Level2             ; Level2             ;
; Suppress Register Optimization Related Messages                                 ; Off                ; Off                ;
; Number of Removed Registers Reported in Synthesis Report                        ; 5000               ; 5000               ;
; Number of Swept Nodes Reported in Synthesis Report                              ; 5000               ; 5000               ;
; Number of Inverted Registers Reported in Synthesis Report                       ; 100                ; 100                ;
; Clock MUX Protection                                                            ; On                 ; On                 ;
; Auto Gated Clock Conversion                                                     ; Off                ; Off                ;
; Block Design Naming                                                             ; Auto               ; Auto               ;
; SDC constraint protection                                                       ; Off                ; Off                ;
; Synthesis Effort                                                                ; Auto               ; Auto               ;
; Shift Register Replacement - Allow Asynchronous Clear Signal                    ; On                 ; On                 ;
; Pre-Mapping Resynthesis Optimization                                            ; Off                ; Off                ;
; Analysis & Synthesis Message Level                                              ; Medium             ; Medium             ;
; Disable Register Merging Across Hierarchies                                     ; Auto               ; Auto               ;
; Resource Aware Inference For Block RAM                                          ; On                 ; On                 ;
; Automatic Parallel Synthesis                                                    ; On                 ; On                 ;
; Partial Reconfiguration Bitstream ID                                            ; Off                ; Off                ;
+---------------------------------------------------------------------------------+--------------------+--------------------+


+------------------------------------------+
; Parallel Compilation                     ;
+----------------------------+-------------+
; Processors                 ; Number      ;
+----------------------------+-------------+
; Number detected on machine ; 12          ;
; Maximum allowed            ; 6           ;
;                            ;             ;
; Average used               ; 1.00        ;
; Maximum used               ; 6           ;
;                            ;             ;
; Usage by Processor         ; % Time Used ;
;     Processor 1            ; 100.0%      ;
;     Processors 2-6         ;   0.0%      ;
+----------------------------+-------------+


+---------------------------------------------------------------------------------------------------------------------------------------------------------------------------------+
; Analysis & Synthesis Source Files Read                                                                                                                                          ;
+----------------------------------------------+-----------------+-----------------+------------------------------------------------------------------------------------+---------+
; File Name with User-Entered Path             ; Used in Netlist ; File Type       ; File Name with Absolute Path                                                       ; Library ;
+----------------------------------------------+-----------------+-----------------+------------------------------------------------------------------------------------+---------+
; MiniprojectResources/ball.vhd                ; yes             ; User VHDL File  ; D:/COMPSYS305-TechSupport/MiniProject/MiniprojectResources/ball.vhd                ;         ;
; MiniprojectResources/clock_divider_25MHz.vhd ; yes             ; User VHDL File  ; D:/COMPSYS305-TechSupport/MiniProject/MiniprojectResources/clock_divider_25MHz.vhd ;         ;
; MiniprojectResources/Flappy_bird.vhd         ; yes             ; User VHDL File  ; D:/COMPSYS305-TechSupport/MiniProject/MiniprojectResources/Flappy_bird.vhd         ;         ;
; MiniprojectResources/vga_sync.vhd            ; yes             ; User VHDL File  ; D:/COMPSYS305-TechSupport/MiniProject/MiniprojectResources/vga_sync.vhd            ;         ;
+----------------------------------------------+-----------------+-----------------+------------------------------------------------------------------------------------+---------+


+----------------------------------------------------------------------------+
; Analysis & Synthesis Resource Usage Summary                                ;
+---------------------------------------------+------------------------------+
; Resource                                    ; Usage                        ;
+---------------------------------------------+------------------------------+
; Estimate of Logic utilization (ALMs needed) ; 24                           ;
;                                             ;                              ;
; Combinational ALUT usage for logic          ; 39                           ;
;     -- 7 input functions                    ; 0                            ;
;     -- 6 input functions                    ; 7                            ;
;     -- 5 input functions                    ; 3                            ;
;     -- 4 input functions                    ; 1                            ;
;     -- <=3 input functions                  ; 28                           ;
;                                             ;                              ;
; Dedicated logic registers                   ; 29                           ;
;                                             ;                              ;
; I/O pins                                    ; 6                            ;
;                                             ;                              ;
; Total DSP Blocks                            ; 0                            ;
;                                             ;                              ;
; Maximum fan-out node                        ; Clock_25MHz:ClockDivider|p_Q ;
; Maximum fan-out                             ; 28                           ;
; Total fan-out                               ; 213                          ;
; Average fan-out                             ; 2.66                         ;
+---------------------------------------------+------------------------------+


+-------------------------------------------------------------------------------------------------------------------------------------------------------------------------------------------------------------+
; Analysis & Synthesis Resource Utilization by Entity                                                                                                                                                         ;
+-------------------------------+---------------------+---------------------------+-------------------+------------+------+--------------+---------------------------------------+-------------+--------------+
; Compilation Hierarchy Node    ; Combinational ALUTs ; Dedicated Logic Registers ; Block Memory Bits ; DSP Blocks ; Pins ; Virtual Pins ; Full Hierarchy Name                   ; Entity Name ; Library Name ;
+-------------------------------+---------------------+---------------------------+-------------------+------------+------+--------------+---------------------------------------+-------------+--------------+
; |Flappy_bird                  ; 39 (0)              ; 29 (0)                    ; 0                 ; 0          ; 6    ; 0            ; |Flappy_bird                          ; Flappy_bird ; work         ;
;    |Clock_25MHz:ClockDivider| ; 2 (2)               ; 2 (2)                     ; 0                 ; 0          ; 0    ; 0            ; |Flappy_bird|Clock_25MHz:ClockDivider ; Clock_25MHz ; work         ;
;    |VGA_SYNC:VGASync|         ; 37 (37)             ; 27 (27)                   ; 0                 ; 0          ; 0    ; 0            ; |Flappy_bird|VGA_SYNC:VGASync         ; VGA_SYNC    ; work         ;
+-------------------------------+---------------------+---------------------------+-------------------+------------+------+--------------+---------------------------------------+-------------+--------------+
Note: For table entries with two numbers listed, the numbers in parentheses indicate the number of resources of the given type used by the specific entity alone. The numbers listed outside of parentheses indicate the total resources of the given type used by the specific entity and all of its sub-entities in the hierarchy.


+---------------------------------------------------------------------------------+
; Registers Removed During Synthesis                                              ;
+----------------------------------------+----------------------------------------+
; Register name                          ; Reason for Removal                     ;
+----------------------------------------+----------------------------------------+
; VGA_SYNC:VGASync|pixel_column[0..9]    ; Lost fanout                            ;
; VGA_SYNC:VGASync|pixel_row[0..9]       ; Lost fanout                            ;
; VGA_SYNC:VGASync|green_out             ; Stuck at GND due to stuck port data_in ;
; VGA_SYNC:VGASync|blue_out              ; Stuck at GND due to stuck port data_in ;
; Total Number of Removed Registers = 22 ;                                        ;
+----------------------------------------+----------------------------------------+


+------------------------------------------------------+
; General Register Statistics                          ;
+----------------------------------------------+-------+
; Statistic                                    ; Value ;
+----------------------------------------------+-------+
; Total registers                              ; 29    ;
; Number of registers using Synchronous Clear  ; 20    ;
; Number of registers using Synchronous Load   ; 0     ;
; Number of registers using Asynchronous Clear ; 0     ;
; Number of registers using Asynchronous Load  ; 0     ;
; Number of registers using Clock Enable       ; 10    ;
; Number of registers using Preset             ; 0     ;
+----------------------------------------------+-------+


+--------------------------------------------------------------------------------------------------------------------------------------------------------+
; Multiplexer Restructuring Statistics (Restructuring Performed)                                                                                         ;
+--------------------+-----------+---------------+----------------------+------------------------+------------+------------------------------------------+
; Multiplexer Inputs ; Bus Width ; Baseline Area ; Area if Restructured ; Saving if Restructured ; Registered ; Example Multiplexer Output               ;
+--------------------+-----------+---------------+----------------------+------------------------+------------+------------------------------------------+
; 3:1                ; 10 bits   ; 20 LEs        ; 0 LEs                ; 20 LEs                 ; Yes        ; |Flappy_bird|VGA_SYNC:VGASync|v_count[9] ;
+--------------------+-----------+---------------+----------------------+------------------------+------------+------------------------------------------+


+----------------------------------------------+
; Port Connectivity Checks: "VGA_SYNC:VGASync" ;
+------+-------+----------+--------------------+
; Port ; Type  ; Severity ; Details            ;
+------+-------+----------+--------------------+
; blue ; Input ; Info     ; Stuck at GND       ;
+------+-------+----------+--------------------+


+-----------------------------------------------------+
; Post-Synthesis Netlist Statistics for Top Partition ;
+-----------------------+-----------------------------+
; Type                  ; Count                       ;
+-----------------------+-----------------------------+
; arriav_ff             ; 29                          ;
;     ENA SCLR          ; 10                          ;
;     SCLR              ; 10                          ;
;     plain             ; 9                           ;
; arriav_lcell_comb     ; 40                          ;
;     arith             ; 20                          ;
;         1 data inputs ; 20                          ;
;     normal            ; 20                          ;
;         0 data inputs ; 1                           ;
;         1 data inputs ; 1                           ;
;         2 data inputs ; 5                           ;
;         3 data inputs ; 2                           ;
;         4 data inputs ; 1                           ;
;         5 data inputs ; 3                           ;
;         6 data inputs ; 7                           ;
; boundary_port         ; 6                           ;
;                       ;                             ;
; Max LUT depth         ; 3.00                        ;
; Average LUT depth     ; 1.87                        ;
+-----------------------+-----------------------------+


+-------------------------------+
; Elapsed Time Per Partition    ;
+----------------+--------------+
; Partition Name ; Elapsed Time ;
+----------------+--------------+
; Top            ; 00:00:00     ;
+----------------+--------------+


+-------------------------------+
; Analysis & Synthesis Messages ;
+-------------------------------+
Info: *******************************************************************
Info: Running Quartus Prime Analysis & Synthesis
    Info: Version 18.1.0 Build 625 09/12/2018 SJ Lite Edition
    Info: Processing started: Tue May 06 20:18:37 2025
Info: Command: quartus_map --read_settings_files=on --write_settings_files=off Flappy_Bird -c Flappy_Bird
Warning (18236): Number of processors has not been specified which may cause overloading on shared machines.  Set the global assignment NUM_PARALLEL_PROCESSORS in your QSF to an appropriate value for best performance.
Info (20030): Parallel compilation is enabled and will use 6 of the 6 processors detected
Info (12021): Found 2 design units, including 1 entities, in source file miniprojectresources/ball.vhd
    Info (12022): Found design unit 1: ball-behavior File: D:/COMPSYS305-TechSupport/MiniProject/MiniprojectResources/ball.vhd Line: 14
    Info (12023): Found entity 1: ball File: D:/COMPSYS305-TechSupport/MiniProject/MiniprojectResources/ball.vhd Line: 7
Info (12021): Found 2 design units, including 1 entities, in source file miniprojectresources/bouncy_ball.vhd
    Info (12022): Found design unit 1: bouncy_ball-behavior File: D:/COMPSYS305-TechSupport/MiniProject/MiniprojectResources/bouncy_ball.vhd Line: 14
    Info (12023): Found entity 1: bouncy_ball File: D:/COMPSYS305-TechSupport/MiniProject/MiniprojectResources/bouncy_ball.vhd Line: 7
Info (12021): Found 2 design units, including 1 entities, in source file miniprojectresources/char_rom.vhd
    Info (12022): Found design unit 1: char_rom-SYN File: D:/COMPSYS305-TechSupport/MiniProject/MiniprojectResources/char_rom.vhd Line: 20
    Info (12023): Found entity 1: char_rom File: D:/COMPSYS305-TechSupport/MiniProject/MiniprojectResources/char_rom.vhd Line: 9
Info (12021): Found 2 design units, including 1 entities, in source file miniprojectresources/clock_divider_25mhz.vhd
    Info (12022): Found design unit 1: Clock_25MHz-arc File: D:/COMPSYS305-TechSupport/MiniProject/MiniprojectResources/clock_divider_25MHz.vhd Line: 11
    Info (12023): Found entity 1: Clock_25MHz File: D:/COMPSYS305-TechSupport/MiniProject/MiniprojectResources/clock_divider_25MHz.vhd Line: 5
Info (12021): Found 2 design units, including 1 entities, in source file miniprojectresources/flappy_bird.vhd
    Info (12022): Found design unit 1: Flappy_bird-Behavioral File: D:/COMPSYS305-TechSupport/MiniProject/MiniprojectResources/Flappy_bird.vhd Line: 17
    Info (12023): Found entity 1: Flappy_bird File: D:/COMPSYS305-TechSupport/MiniProject/MiniprojectResources/Flappy_bird.vhd Line: 6
Info (12021): Found 2 design units, including 1 entities, in source file miniprojectresources/mouse.vhd
    Info (12022): Found design unit 1: MOUSE-behavior File: D:/COMPSYS305-TechSupport/MiniProject/MiniprojectResources/mouse.vhd Line: 18
    Info (12023): Found entity 1: MOUSE File: D:/COMPSYS305-TechSupport/MiniProject/MiniprojectResources/mouse.vhd Line: 9
Info (12021): Found 2 design units, including 1 entities, in source file miniprojectresources/vga_sync.vhd
    Info (12022): Found design unit 1: VGA_SYNC-a File: D:/COMPSYS305-TechSupport/MiniProject/MiniprojectResources/vga_sync.vhd Line: 13
    Info (12023): Found entity 1: VGA_SYNC File: D:/COMPSYS305-TechSupport/MiniProject/MiniprojectResources/vga_sync.vhd Line: 7
Info (12127): Elaborating entity "Flappy_Bird" for the top level hierarchy
Info (12128): Elaborating entity "Clock_25MHz" for hierarchy "Clock_25MHz:ClockDivider" File: D:/COMPSYS305-TechSupport/MiniProject/MiniprojectResources/Flappy_bird.vhd Line: 57
Info (12128): Elaborating entity "ball" for hierarchy "ball:BallComponent" File: D:/COMPSYS305-TechSupport/MiniProject/MiniprojectResources/Flappy_bird.vhd Line: 64
Info (12128): Elaborating entity "VGA_SYNC" for hierarchy "VGA_SYNC:VGASync" File: D:/COMPSYS305-TechSupport/MiniProject/MiniprojectResources/Flappy_bird.vhd Line: 85
Warning (13024): Output pins are stuck at VCC or GND
    Warning (13410): Pin "green" is stuck at GND File: D:/COMPSYS305-TechSupport/MiniProject/MiniprojectResources/Flappy_bird.vhd Line: 12
    Warning (13410): Pin "blue" is stuck at GND File: D:/COMPSYS305-TechSupport/MiniProject/MiniprojectResources/Flappy_bird.vhd Line: 13
Info (286030): Timing-Driven Synthesis is running
Info (17049): 20 registers lost all their fanouts during netlist optimizations.
Info (16010): Generating hard_block partition "hard_block:auto_generated_inst"
    Info (16011): Adding 0 node(s), including 0 DDIO, 0 PLL, 0 transceiver and 0 LCELL
Info (21057): Implemented 48 device resources after synthesis - the final resource count might be different
    Info (21058): Implemented 1 input pins
    Info (21059): Implemented 5 output pins
    Info (21061): Implemented 42 logic cells
Info: Quartus Prime Analysis & Synthesis was successful. 0 errors, 4 warnings
    Info: Peak virtual memory: 4860 megabytes
    Info: Processing ended: Tue May 06 20:18:56 2025
    Info: Elapsed time: 00:00:19
    Info: Total CPU time (on all processors): 00:00:20


